<?xml version="1.0" encoding="UTF-8"?>
<!-- Generated by org.testng.reporters.JUnitReportReporter -->
<testsuite skipped="0" hostname="Parisha" name="codingTest.AequSwagLab.Test.LoginTest" tests="8" failures="0" timestamp="10 Jun 2019 23:57:25 GMT" time="267.081" errors="0">
  <testcase name="loginTest" time="29.028" classname="codingTest.AequSwagLab.Test.LoginTest"/>
  <testcase name="loginTest" time="27.551" classname="codingTest.AequSwagLab.Test.LoginTest"/>
  <testcase name="loginTest" time="25.825" classname="codingTest.AequSwagLab.Test.LoginTest"/>
  <testcase name="loginTest" time="27.633" classname="codingTest.AequSwagLab.Test.LoginTest"/>
  <testcase name="loginTest" time="63.964" classname="codingTest.AequSwagLab.Test.LoginTest"/>
  <testcase name="loginTest" time="34.227" classname="codingTest.AequSwagLab.Test.LoginTest"/>
  <testcase name="loginTest" time="32.627" classname="codingTest.AequSwagLab.Test.LoginTest"/>
  <testcase name="loginTest" time="26.226" classname="codingTest.AequSwagLab.Test.LoginTest"/>
</testsuite> <!-- codingTest.AequSwagLab.Test.LoginTest -->
